[debug] > Exec(early(addDefaultCommands), None, None)
[debug] > Exec(addDefaultCommands, None, None)
[debug] > Exec(early(initialize), None, None)
[debug] > Exec(initialize, None, None)
[debug] > Exec(boot, None, None)
[debug] > Exec(writeSbtVersion, None, None)
[warn] No sbt.version set in project/build.properties, base directory: /home/miroslav/Ulbi_Curs/project
[debug] > Exec(reload, None, None)
[debug] > Exec(sbtStashOnFailure, None, None)
[debug] > Exec(onFailure loadFailed, None, None)
[debug] > Exec(loadp, None, None)
[info] welcome to sbt 1.8.0 (Private Build Java 1.8.0_362)
[debug]       Load.loadUnit: plugins took 80.501147ms
[debug]       Load.loadUnit: defsScala took 0.668242ms
[debug] [Loading] Scanning directory /home/miroslav/.sbt/1.0/plugins
[debug] [Loading] Found non-root projects 
[debug] [Loading] Done in /home/miroslav/.sbt/1.0/plugins, returning: ()
[debug] deducing auto plugins based on known facts Set(Atom(sbt.plugins.CorePlugin)) and clauses Clauses(Clause(Atom(sbt.plugins.JvmPlugin),Set(Atom(sbt.plugins.IvyPlugin)))
[debug] Clause(Atom(sbt.ScriptedPlugin),Set(Atom(sbt.plugins.JvmPlugin)))
[debug] Clause(Atom(sbt.plugins.SbtPlugin),Set(Atom(sbt.ScriptedPlugin)))
[debug] Clause(Atom(sbt.plugins.SemanticdbPlugin),Set(Atom(sbt.plugins.JvmPlugin)))
[debug] Clause(Atom(sbt.plugins.JUnitXmlReportPlugin),Set(Atom(sbt.plugins.JvmPlugin)))
[debug] Clause(Atom(sbt.plugins.MiniDependencyTreePlugin),Set(Atom(sbt.plugins.JvmPlugin)))
[debug] Clause(Atom(sbt.plugins.CorePlugin),Set(Atom(sbt.plugins.IvyPlugin)))
[debug] Clause(Atom(sbt.plugins.IvyPlugin),Set(Atom(sbt.plugins.JvmPlugin)))
[debug] Clause(Atom(sbt.plugins.JvmPlugin),Set(Atom(sbt.plugins.SemanticdbPlugin)))
[debug] Clause(Atom(sbt.plugins.JvmPlugin),Set(Atom(sbt.plugins.JUnitXmlReportPlugin)))
[debug] Clause(Atom(sbt.plugins.CorePlugin),Set(Atom(sbt.plugins.Giter8TemplatePlugin)))
[debug] Clause(Atom(sbt.plugins.JvmPlugin),Set(Atom(sbt.plugins.MiniDependencyTreePlugin))))
[debug]   :: deduced result: Matched(sbt.plugins.CorePlugin,sbt.plugins.Giter8TemplatePlugin,sbt.plugins.IvyPlugin,sbt.plugins.JvmPlugin,sbt.plugins.MiniDependencyTreePlugin,sbt.plugins.JUnitXmlReportPlugin,sbt.plugins.SemanticdbPlugin)
[debug] Plugins.deducer#function took 22.964459 ms
[debug]           Load.resolveProject(global-plugins) took 59.027172ms
[debug]         Load.loadTransitive: finalizeProject(Project(id global-plugins, base: /home/miroslav/.sbt/1.0/plugins, plugins: List(<none>))) took 113.371971ms
[debug] [Loading] Done in /home/miroslav/.sbt/1.0/plugins, returning: (global-plugins)
[debug]       Load.loadUnit: loadedProjectsRaw took 142.08046ms
[debug]       Load.loadUnit: cleanEvalClasses took 0.275873ms
[debug]     Load.loadUnit(file:/home/miroslav/.sbt/1.0/plugins/, ...) took 236.352922ms
[debug]   Load.apply: load took 403.73117ms
[debug]   Load.apply: resolveProjects took 7.115644ms
[debug]   Load.apply: finalTransforms took 58.804098ms
[debug]   Load.apply: config.delegates took 7.568915ms
[debug]   Load.apply: Def.make(settings)... took 498.152045ms
[debug]   Load.apply: structureIndex took 105.75354ms
[debug]   Load.apply: mkStreams took 1.696725ms
[info] loading global plugins from /home/miroslav/.sbt/1.0/plugins
[debug] Running task... Cancel: Signal, check cycles: false, forcegc: true
[debug] Load.defaultLoad until apply took 3673.45078ms
[debug]     Load.loadUnit: plugins took 18.942227ms
[debug]     Load.loadUnit: defsScala took 0.00426ms
[debug] [Loading] Scanning directory /home/miroslav/Ulbi_Curs/project
[debug] [Loading] Found non-root projects 
[debug] [Loading] Done in /home/miroslav/Ulbi_Curs/project, returning: ()
[debug] deducing auto plugins based on known facts Set(Atom(sbt.plugins.CorePlugin)) and clauses Clauses(Clause(Atom(sbt.plugins.JvmPlugin),Set(Atom(sbt.plugins.IvyPlugin)))
[debug] Clause(Atom(sbt.ScriptedPlugin),Set(Atom(sbt.plugins.JvmPlugin)))
[debug] Clause(Atom(sbt.plugins.SbtPlugin),Set(Atom(sbt.ScriptedPlugin)))
[debug] Clause(Atom(sbt.plugins.SemanticdbPlugin),Set(Atom(sbt.plugins.JvmPlugin)))
[debug] Clause(Atom(sbt.plugins.JUnitXmlReportPlugin),Set(Atom(sbt.plugins.JvmPlugin)))
[debug] Clause(Atom(sbt.plugins.MiniDependencyTreePlugin),Set(Atom(sbt.plugins.JvmPlugin)))
[debug] Clause(Atom(sbt.plugins.CorePlugin),Set(Atom(sbt.plugins.IvyPlugin)))
[debug] Clause(Atom(sbt.plugins.IvyPlugin),Set(Atom(sbt.plugins.JvmPlugin)))
[debug] Clause(Atom(sbt.plugins.JvmPlugin),Set(Atom(sbt.plugins.SemanticdbPlugin)))
[debug] Clause(Atom(sbt.plugins.JvmPlugin),Set(Atom(sbt.plugins.JUnitXmlReportPlugin)))
[debug] Clause(Atom(sbt.plugins.CorePlugin),Set(Atom(sbt.plugins.Giter8TemplatePlugin)))
[debug] Clause(Atom(sbt.plugins.JvmPlugin),Set(Atom(sbt.plugins.MiniDependencyTreePlugin))))
[debug]   :: deduced result: Matched(sbt.plugins.CorePlugin,sbt.plugins.Giter8TemplatePlugin,sbt.plugins.IvyPlugin,sbt.plugins.JvmPlugin,sbt.plugins.MiniDependencyTreePlugin,sbt.plugins.JUnitXmlReportPlugin,sbt.plugins.SemanticdbPlugin)
[debug] Plugins.deducer#function took 1.622484 ms
[debug]         Load.resolveProject(project) took 1.162788ms
[debug]       Load.loadTransitive: finalizeProject(Project(id project, base: /home/miroslav/Ulbi_Curs/project, plugins: List(<none>))) took 3.275698ms
[debug] [Loading] Done in /home/miroslav/Ulbi_Curs/project, returning: (project)
[debug]     Load.loadUnit: loadedProjectsRaw took 6.06146ms
[debug]     Load.loadUnit: cleanEvalClasses took 0.012292ms
[debug]   Load.loadUnit(file:/home/miroslav/Ulbi_Curs/project/, ...) took 25.538672ms
[debug] Load.apply: load took 26.620165ms
[debug] Load.apply: resolveProjects took 0.1232ms
[debug] Load.apply: finalTransforms took 7.191842ms
[debug] Load.apply: config.delegates took 0.374698ms
[debug] Load.apply: Def.make(settings)... took 68.361608ms
[debug] Load.apply: structureIndex took 23.708689ms
[debug] Load.apply: mkStreams took 0.004679ms
[info] set current project to project (in build file:/home/miroslav/Ulbi_Curs/project/)
[debug] > Exec(sbtPopOnFailure, None, None)
[debug] > Exec(resumeFromFailure, None, None)
[debug] > Exec(notifyUsersAboutShell, None, None)
[debug] > Exec(iflast shell, None, None)
[debug] > Exec(shell, None, None)
[info] sbt server started at local:///home/miroslav/.sbt/1.0/server/949732ed3a27bd352e84/sock
[debug] Writing bsp connection file
[info] started sbt server
